\BOOKMARK [1][-]{section.1}{Introduktion}{}% 1
\BOOKMARK [2][-]{subsection.1.1}{Vesikler og meningen med detektionen - Cryo-EM}{section.1}% 2
\BOOKMARK [2][-]{subsection.1.2}{Ground truth}{section.1}% 3
\BOOKMARK [2][-]{subsection.1.3}{Hvad \370nsker vi at finde- M\345ls\346tning}{section.1}% 4
\BOOKMARK [1][-]{section.2}{Billedbehandling}{}% 5
\BOOKMARK [2][-]{subsection.2.1}{Foldning}{section.2}% 6
\BOOKMARK [2][-]{subsection.2.2}{Furier}{section.2}% 7
\BOOKMARK [2][-]{subsection.2.3}{Filterfunktion}{section.2}% 8
\BOOKMARK [1][-]{section.3}{Sprog}{}% 9
\BOOKMARK [2][-]{subsection.3.1}{Python}{section.3}% 10
\BOOKMARK [2][-]{subsection.3.2}{Matlab}{section.3}% 11
\BOOKMARK [1][-]{section.4}{Fors\370gte metoder}{}% 12
\BOOKMARK [2][-]{subsection.4.1}{Metoderne}{section.4}% 13
\BOOKMARK [2][-]{subsection.4.2}{Reflektion}{section.4}% 14
\BOOKMARK [1][-]{section.5}{Endelige metode}{}% 15
\BOOKMARK [2][-]{subsection.5.1}{Metoderne}{section.5}% 16
\BOOKMARK [3][-]{subsubsection.5.1.1}{SLD}{subsection.5.1}% 17
\BOOKMARK [3][-]{subsubsection.5.1.2}{Foldning med eksempelbilleder}{subsection.5.1}% 18
\BOOKMARK [3][-]{subsubsection.5.1.3}{Kombinationen}{subsection.5.1}% 19
\BOOKMARK [2][-]{subsection.5.2}{Evaluering}{section.5}% 20
\BOOKMARK [3][-]{subsubsection.5.2.1}{ROC}{subsection.5.2}% 21
\BOOKMARK [3][-]{subsubsection.5.2.2}{Forbedringer af endelige metode}{subsection.5.2}% 22
\BOOKMARK [3][-]{subsubsection.5.2.3}{Hvad arbejder andre med}{subsection.5.2}% 23
\BOOKMARK [1][-]{section.6}{Konklusion}{}% 24
\BOOKMARK [1][-]{section.7}{Kildehenvisning}{}% 25
